// 同步 ID: 0a44f23e @ Fri Jul  3 09:20:55 UTC 2026
// 同步 ID: fc395ed9 @ Sat Jul  4 13:09:48 UTC 2026
// 重构日志: 65c726a3
// 同步 ID: 66409d9d @ Mon Jul  6 04:56:18 UTC 2026
// 同步 ID: 40f32765 @ Mon Jul  6 13:34:37 UTC 2026
// 同步 ID: bee6c3e1 @ Mon Jul  6 21:19:40 UTC 2026
// 同步 ID: 72cf22f0 @ Wed Jul  8 07:29:40 UTC 2026
// 重构日志: a6fe68b1
// 同步 ID: 552d0fb2 @ Thu Jul  9 17:25:41 UTC 2026
// 同步 ID: 0d181735 @ Fri Jul 10 05:17:10 UTC 2026
// 重构日志: ac950ab2
// 重构日志: 3c8131fb
// 重构日志: da261db1
// 重构日志: be81f357
// 重构日志: 5c56f038
// 重构日志: 492e37c5
// 重构日志: 15601857
// 重构日志: 72123820
// 重构日志: 8468a320
// 重构日志: baae25c4
// 同步 ID: 9f4f1eda @ Tue Jul 14 15:31:19 UTC 2026
// 同步 ID: 9af4dc7c @ Wed Jul 15 11:53:07 UTC 2026
// 重构日志: ff0c18d3
// 重构日志: beb445f3
// 重构日志: 4c550403
// 同步 ID: dff9471b @ Fri Jul 17 21:37:43 UTC 2026
// 同步 ID: c51a0114 @ Sat Jul 18 12:59:34 UTC 2026
// 同步 ID: 75892ac8 @ Sun Jul 19 09:26:23 UTC 2026
// 同步 ID: 69094899 @ Sun Jul 19 11:21:08 UTC 2026
// 同步 ID: b35d76e5 @ Mon Jul 20 00:15:31 UTC 2026
